2025-07-30 18:36:43,176:INFO:Placing MARKET order: BUY 0.001 BTCUSDT
2025-07-30 18:36:43,835:ERROR:Error placing market order: APIError(code=None): None
2025-07-30 18:39:25,722:INFO:Placing STOP-LIMIT order: BUY 0.01 BTCUSDT STOP=0.01, LIMIT=0.01
2025-07-30 18:39:26,198:ERROR:Error placing stop-limit order: APIError(code=None): None
2025-07-30 18:43:33,378:INFO:Placing MARKET order: BUY 0.01 BTCUSDT
2025-07-30 18:43:34,021:ERROR:Error placing market order: APIError(code=None): None
2025-07-30 18:56:55,910:INFO:Placing MARKET order: BUY 0.01 BTCUSDT
2025-07-30 18:56:56,511:INFO:Order Response: {'orderId': 5504360101, 'symbol': 'BTCUSDT', 'status': 'NEW', 'clientOrderId': 'x-Cb7ytekJa233db55fa50eae0a27cfe', 'price': '0.00', 'avgPrice': '0.00', 'origQty': '0.010', 'executedQty': '0.000', 'cumQty': '0.000', 'cumQuote': '0.00000', 'timeInForce': 'GTC', 'type': 'MARKET', 'reduceOnly': False, 'closePosition': False, 'side': 'BUY', 'positionSide': 'BOTH', 'stopPrice': '0.00', 'workingType': 'CONTRACT_PRICE', 'priceProtect': False, 'origType': 'MARKET', 'priceMatch': 'NONE', 'selfTradePreventionMode': 'EXPIRE_MAKER', 'goodTillDate': 0, 'updateTime': 1753882015720}
2025-07-30 18:57:28,215:INFO:Placing MARKET order: BUY 0.5 BTCUSDT
2025-07-30 18:57:28,682:INFO:Order Response: {'orderId': 5504360746, 'symbol': 'BTCUSDT', 'status': 'NEW', 'clientOrderId': 'x-Cb7ytekJ918dd1b28227ce76c0663b', 'price': '0.00', 'avgPrice': '0.00', 'origQty': '0.500', 'executedQty': '0.000', 'cumQty': '0.000', 'cumQuote': '0.00000', 'timeInForce': 'GTC', 'type': 'MARKET', 'reduceOnly': False, 'closePosition': False, 'side': 'BUY', 'positionSide': 'BOTH', 'stopPrice': '0.00', 'workingType': 'CONTRACT_PRICE', 'priceProtect': False, 'origType': 'MARKET', 'priceMatch': 'NONE', 'selfTradePreventionMode': 'EXPIRE_MAKER', 'goodTillDate': 0, 'updateTime': 1753882047885}
2025-07-30 18:57:43,789:INFO:Placing MARKET order: BUY 0.1 BTCUSDT
2025-07-30 18:57:44,218:INFO:Order Response: {'orderId': 5504363292, 'symbol': 'BTCUSDT', 'status': 'NEW', 'clientOrderId': 'x-Cb7ytekJa6e8e9839b3387d62c515', 'price': '0.00', 'avgPrice': '0.00', 'origQty': '0.100', 'executedQty': '0.000', 'cumQty': '0.000', 'cumQuote': '0.00000', 'timeInForce': 'GTC', 'type': 'MARKET', 'reduceOnly': False, 'closePosition': False, 'side': 'BUY', 'positionSide': 'BOTH', 'stopPrice': '0.00', 'workingType': 'CONTRACT_PRICE', 'priceProtect': False, 'origType': 'MARKET', 'priceMatch': 'NONE', 'selfTradePreventionMode': 'EXPIRE_MAKER', 'goodTillDate': 0, 'updateTime': 1753882063432}
2025-07-30 18:57:55,431:INFO:Placing MARKET order: BUY 0.05 BTCUSDT
2025-07-30 18:57:55,866:INFO:Order Response: {'orderId': 5504363557, 'symbol': 'BTCUSDT', 'status': 'NEW', 'clientOrderId': 'x-Cb7ytekJ5106009bf52517e87001fb', 'price': '0.00', 'avgPrice': '0.00', 'origQty': '0.050', 'executedQty': '0.000', 'cumQty': '0.000', 'cumQuote': '0.00000', 'timeInForce': 'GTC', 'type': 'MARKET', 'reduceOnly': False, 'closePosition': False, 'side': 'BUY', 'positionSide': 'BOTH', 'stopPrice': '0.00', 'workingType': 'CONTRACT_PRICE', 'priceProtect': False, 'origType': 'MARKET', 'priceMatch': 'NONE', 'selfTradePreventionMode': 'EXPIRE_MAKER', 'goodTillDate': 0, 'updateTime': 1753882075077}
2025-07-30 19:05:13,980:INFO:Cancelling all open orders for 
2025-07-30 19:05:14,364:ERROR:Error cancelling orders: APIError(code=-1102): Mandatory parameter 'symbol' was not sent, was empty/null, or malformed.
2025-07-30 19:07:17,865:INFO:Cancelling all open orders for BTCUSDT
2025-07-30 19:07:18,514:INFO:Cancel response: {'code': 200, 'msg': 'The operation of cancel all open order is done.'}
2025-07-30 19:08:19,875:INFO:Placing MARKET order: SELL 0.66 BTCUSDT
2025-07-30 19:08:20,270:INFO:Order Response: {'orderId': 5504398657, 'symbol': 'BTCUSDT', 'status': 'NEW', 'clientOrderId': 'x-Cb7ytekJea5840ee2e69fba7927947', 'price': '0.00', 'avgPrice': '0.00', 'origQty': '0.660', 'executedQty': '0.000', 'cumQty': '0.000', 'cumQuote': '0.00000', 'timeInForce': 'GTC', 'type': 'MARKET', 'reduceOnly': False, 'closePosition': False, 'side': 'SELL', 'positionSide': 'BOTH', 'stopPrice': '0.00', 'workingType': 'CONTRACT_PRICE', 'priceProtect': False, 'origType': 'MARKET', 'priceMatch': 'NONE', 'selfTradePreventionMode': 'EXPIRE_MAKER', 'goodTillDate': 0, 'updateTime': 1753882699484}
2025-07-30 19:09:05,509:INFO:Order 5504398657 filled.
